<?xml version="1.0" encoding="UTF-8"?>
<testng-results ignored="0" total="1" passed="1" failed="0" skipped="0">
  <reporter-output>
  </reporter-output>
  <suite started-at="2021-08-13T16:09:54 IST" name="Default suite" finished-at="2021-08-13T16:09:54 IST" duration-ms="56">
    <groups>
    </groups>
    <test started-at="2021-08-13T16:09:54 IST" name="Default test" finished-at="2021-08-13T16:09:54 IST" duration-ms="56">
      <class name="DemoClass.Base">
        <test-method signature="teardown()[pri:0, instance:DemoClass.Base@482bce4f]" started-at="2021-08-13T16:09:54 IST" name="teardown" finished-at="2021-08-13T16:09:54 IST" duration-ms="18" status="PASS">
          <reporter-output>
          </reporter-output>
        </test-method> <!-- teardown -->
      </class> <!-- DemoClass.Base -->
    </test> <!-- Default test -->
  </suite> <!-- Default suite -->
</testng-results>
